<?xml version="1.0" encoding="UTF-8"?>
<coverage generated="1667167786718" clover="3.2.0">
  <project timestamp="1667167786718" name="All files">
    <metrics statements="18" coveredstatements="5" conditionals="8" coveredconditionals="0" methods="4" coveredmethods="0" elements="30" coveredelements="5" complexity="0" loc="18" ncloc="18" packages="1" files="1" classes="1"/>
    <file name="companies-profiles-routes.js" path="/opt/companies-profile/company-profiles-be/router/companies-profiles-routes.js">
      <metrics statements="18" coveredstatements="5" conditionals="8" coveredconditionals="0" methods="4" coveredmethods="0"/>
      <line num="1" count="1" type="stmt"/>
      <line num="3" count="1" type="stmt"/>
      <line num="5" count="1" type="stmt"/>
      <line num="7" count="1" type="stmt"/>
      <line num="8" count="0" type="stmt"/>
      <line num="9" count="0" type="stmt"/>
      <line num="10" count="0" type="stmt"/>
      <line num="12" count="0" type="cond" truecount="0" falsecount="2"/>
      <line num="13" count="0" type="stmt"/>
      <line num="14" count="0" type="cond" truecount="0" falsecount="2"/>
      <line num="15" count="0" type="stmt"/>
      <line num="19" count="0" type="cond" truecount="0" falsecount="2"/>
      <line num="20" count="0" type="stmt"/>
      <line num="21" count="0" type="stmt"/>
      <line num="22" count="0" type="cond" truecount="0" falsecount="2"/>
      <line num="23" count="0" type="stmt"/>
      <line num="28" count="0" type="stmt"/>
      <line num="31" count="1" type="stmt"/>
    </file>
  </project>
</coverage>
